<?xml version="1.0" encoding="UTF-8"?>
<robot generator="Robot 7.2.2 (Python 3.13.1 on win32)" generated="2025-04-28T16:25:55.118743" rpa="false" schemaversion="5">
<suite id="s1" name="BTC4" source="C:\BTVN\BTC4">
<suite id="s1-s1" name="Main" source="C:\BTVN\BTC4\main.robot">
<test id="s1-s1-t1" name="Vaild login" line="13">
<kw name="Mo trinh duyet">
<kw name="Open Browser" owner="SeleniumLibrary">
<msg time="2025-04-28T16:25:55.389603" level="INFO">Opening browser 'chrome' to base url 'https://opensource-demo.orangehrmlive.com/web/index.php/auth/login'.</msg>
<arg>${URL}</arg>
<arg>chrome</arg>
<doc>Opens a new browser instance to the optional ``url``.</doc>
<status status="PASS" start="2025-04-28T16:25:55.389231" elapsed="25.813954"/>
</kw>
<status status="PASS" start="2025-04-28T16:25:55.388188" elapsed="25.815231"/>
</kw>
<kw name="truy cap URL">
<kw name="Go To" owner="SeleniumLibrary">
<msg time="2025-04-28T16:26:21.204466" level="INFO">Opening url 'https://opensource-demo.orangehrmlive.com/web/index.php/auth/login'</msg>
<arg>${URL}</arg>
<doc>Navigates the current browser window to the provided ``url``.</doc>
<status status="PASS" start="2025-04-28T16:26:21.204243" elapsed="0.444495"/>
</kw>
<status status="PASS" start="2025-04-28T16:26:21.203825" elapsed="0.445131"/>
</kw>
<kw name="Dang nhap">
<kw name="Wait Until Element Is Visible" owner="SeleniumLibrary">
<arg>xpath=//*[@name='username']</arg>
<arg>timeout=10</arg>
<doc>Waits until the element ``locator`` is visible.</doc>
<status status="PASS" start="2025-04-28T16:26:21.649845" elapsed="0.444026"/>
</kw>
<kw name="Input Text" owner="SeleniumLibrary">
<msg time="2025-04-28T16:26:22.094664" level="INFO">Typing text 'Admin' into text field 'xpath=//*[@name='username']'.</msg>
<arg>xpath=//*[@name='username']</arg>
<arg>${name}</arg>
<doc>Types the given ``text`` into the text field identified by ``locator``.</doc>
<status status="PASS" start="2025-04-28T16:26:22.094160" elapsed="0.084487"/>
</kw>
<kw name="Input Text" owner="SeleniumLibrary">
<msg time="2025-04-28T16:26:22.179430" level="INFO">Typing text 'admin123' into text field 'xpath=//*[@name='password']'.</msg>
<arg>xpath=//*[@name='password']</arg>
<arg>${pass}</arg>
<doc>Types the given ``text`` into the text field identified by ``locator``.</doc>
<status status="PASS" start="2025-04-28T16:26:22.178940" elapsed="0.060836"/>
</kw>
<kw name="Click Element" owner="SeleniumLibrary">
<msg time="2025-04-28T16:26:22.240380" level="INFO">Clicking element 'xpath=//button[@type='submit']'.</msg>
<arg>xpath=//button[@type='submit']</arg>
<doc>Click the element identified by ``locator``.</doc>
<status status="PASS" start="2025-04-28T16:26:22.239995" elapsed="0.040760"/>
</kw>
<status status="PASS" start="2025-04-28T16:26:21.649422" elapsed="0.631488"/>
</kw>
<kw name="kiem tra dang nhap thanh cong">
<kw name="Wait Until Element Is Visible" owner="SeleniumLibrary">
<arg>xpath=//h6[text()='Dashboard']</arg>
<arg>timeout=10</arg>
<doc>Waits until the element ``locator`` is visible.</doc>
<status status="PASS" start="2025-04-28T16:26:22.281690" elapsed="1.693787"/>
</kw>
<kw name="Page Should Contain" owner="SeleniumLibrary">
<msg time="2025-04-28T16:26:23.987090" level="INFO">Current page contains text 'Dashboard'.</msg>
<arg>Dashboard</arg>
<doc>Verifies that current page contains ``text``.</doc>
<status status="PASS" start="2025-04-28T16:26:23.975689" elapsed="0.011810"/>
</kw>
<status status="PASS" start="2025-04-28T16:26:22.281274" elapsed="1.706426"/>
</kw>
<status status="PASS" start="2025-04-28T16:25:55.387119" elapsed="28.601217"/>
</test>
<test id="s1-s1-t2" name="invalid login" line="19">
<kw name="Mo trinh duyet">
<kw name="Open Browser" owner="SeleniumLibrary">
<msg time="2025-04-28T16:26:23.992085" level="INFO">Opening browser 'chrome' to base url 'https://opensource-demo.orangehrmlive.com/web/index.php/auth/login'.</msg>
<arg>${URL}</arg>
<arg>chrome</arg>
<doc>Opens a new browser instance to the optional ``url``.</doc>
<status status="PASS" start="2025-04-28T16:26:23.991709" elapsed="25.047435"/>
</kw>
<status status="PASS" start="2025-04-28T16:26:23.991183" elapsed="25.048121"/>
</kw>
<kw name="truy cap URL">
<kw name="Go To" owner="SeleniumLibrary">
<msg time="2025-04-28T16:26:49.040329" level="INFO">Opening url 'https://opensource-demo.orangehrmlive.com/web/index.php/auth/login'</msg>
<arg>${URL}</arg>
<doc>Navigates the current browser window to the provided ``url``.</doc>
<status status="PASS" start="2025-04-28T16:26:49.040093" elapsed="0.407096"/>
</kw>
<status status="PASS" start="2025-04-28T16:26:49.039666" elapsed="0.407698"/>
</kw>
<kw name="Dang nhap sai">
<kw name="Wait Until Element Is Visible" owner="SeleniumLibrary">
<arg>xpath=//*[@name='username']</arg>
<arg>timeout=10</arg>
<doc>Waits until the element ``locator`` is visible.</doc>
<status status="PASS" start="2025-04-28T16:26:49.448821" elapsed="1.236313"/>
</kw>
<kw name="Input Text" owner="SeleniumLibrary">
<msg time="2025-04-28T16:26:50.686196" level="INFO">Typing text 'Admi' into text field 'xpath=//*[@name='username']'.</msg>
<arg>xpath=//*[@name='username']</arg>
<arg>${name1}</arg>
<doc>Types the given ``text`` into the text field identified by ``locator``.</doc>
<status status="PASS" start="2025-04-28T16:26:50.685437" elapsed="0.142740"/>
</kw>
<kw name="Input Text" owner="SeleniumLibrary">
<msg time="2025-04-28T16:26:50.829020" level="INFO">Typing text 'admin123' into text field 'xpath=//*[@name='password']'.</msg>
<arg>xpath=//*[@name='password']</arg>
<arg>${pass}</arg>
<doc>Types the given ``text`` into the text field identified by ``locator``.</doc>
<status status="PASS" start="2025-04-28T16:26:50.828488" elapsed="0.088652"/>
</kw>
<kw name="Click Element" owner="SeleniumLibrary">
<msg time="2025-04-28T16:26:50.917815" level="INFO">Clicking element 'xpath=//button[@type='submit']'.</msg>
<arg>xpath=//button[@type='submit']</arg>
<doc>Click the element identified by ``locator``.</doc>
<status status="PASS" start="2025-04-28T16:26:50.917444" elapsed="0.047812"/>
</kw>
<status status="PASS" start="2025-04-28T16:26:49.447748" elapsed="1.517779"/>
</kw>
<kw name="kiem tra dang nhap khong thanh cong">
<kw name="Wait Until Element Is Visible" owner="SeleniumLibrary">
<arg>xpath=//p[@class='oxd-text oxd-text--p oxd-alert-content-text']</arg>
<arg>timeout=20</arg>
<doc>Waits until the element ``locator`` is visible.</doc>
<status status="PASS" start="2025-04-28T16:26:50.966656" elapsed="1.304752"/>
</kw>
<kw name="Page Should Contain" owner="SeleniumLibrary">
<msg time="2025-04-28T16:26:52.281903" level="INFO">Current page contains text 'Invalid credentials'.</msg>
<arg>Invalid credentials</arg>
<doc>Verifies that current page contains ``text``.</doc>
<status status="PASS" start="2025-04-28T16:26:52.271599" elapsed="0.010576"/>
</kw>
<status status="PASS" start="2025-04-28T16:26:50.966135" elapsed="1.316169"/>
</kw>
<status status="PASS" start="2025-04-28T16:26:23.990116" elapsed="28.292493"/>
</test>
<doc>Day la mo ta</doc>
<status status="PASS" start="2025-04-28T16:25:55.140965" elapsed="57.142772"/>
</suite>
<status status="PASS" start="2025-04-28T16:25:55.122177" elapsed="57.162953"/>
</suite>
<statistics>
<total>
<stat pass="2" fail="0" skip="0">All Tests</stat>
</total>
<tag>
</tag>
<suite>
<stat name="BTC4" id="s1" pass="2" fail="0" skip="0">BTC4</stat>
<stat name="Main" id="s1-s1" pass="2" fail="0" skip="0">BTC4.Main</stat>
</suite>
</statistics>
<errors>
</errors>
</robot>
